<?xml version="1.0" encoding="UTF-8"?>
<!-- Generated by org.testng.reporters.JUnitXMLReporter -->
<testsuite ignored="0" hostname="QuangLe-macbook-pro" failures="2" tests="5" name="Surefire test" time="33.876" errors="0" timestamp="2023-03-19T21:13:23 ICT">
  <testcase classname="test.TenDayPageTest" name="shouldBeFailedToTestSureFireReportOnly" time="0.002">
    <failure type="java.lang.AssertionError">
      <![CDATA[java.lang.AssertionError
at org.junit.Assert.fail(Assert.java:92)
at org.junit.Assert.assertTrue(Assert.java:43)
at org.junit.Assert.assertTrue(Assert.java:54)
at test.TenDayPageTest.shouldBeFailedToTestSureFireReportOnly(TenDayPageTest.java:35)
at java.base/java.util.ArrayList.forEach(ArrayList.java:1511)
... Removed 30 stack frames]]>
    </failure>
  </testcase> <!-- shouldBeFailedToTestSureFireReportOnly -->
  <testcase classname="test.TenDayPageTest" name="shouldBePassToTestSureFireReportOnly" time="0.001"/>
  <testcase classname="test.TenDayPageTest" name="verifyAndGetInformationOfTenDayWeather" time="20.493"/>
  <testcase classname="test.SureFireReportTest" name="shouldBeFailedToTestSureFireReportOnly" time="0.001">
    <failure type="java.lang.AssertionError">
      <![CDATA[java.lang.AssertionError
at org.junit.Assert.fail(Assert.java:92)
at org.junit.Assert.assertTrue(Assert.java:43)
at org.junit.Assert.assertTrue(Assert.java:54)
at test.SureFireReportTest.shouldBeFailedToTestSureFireReportOnly(SureFireReportTest.java:14)
at java.base/java.util.ArrayList.forEach(ArrayList.java:1511)
... Removed 30 stack frames]]>
    </failure>
  </testcase> <!-- shouldBeFailedToTestSureFireReportOnly -->
  <testcase classname="test.SureFireReportTest" name="shouldBePassToTestSureFireReportOnly" time="0.001"/>
</testsuite> <!-- Surefire test -->
